<?xml version="1.0" encoding="UTF-8"?>
<coverage generated="1615550172965" clover="3.2.0">
  <project timestamp="1615550172965" name="All files">
    <metrics statements="46" coveredstatements="46" conditionals="19" coveredconditionals="19" methods="8" coveredmethods="8" elements="73" coveredelements="73" complexity="0" loc="46" ncloc="46" packages="1" files="7" classes="7"/>
    <file name="aged_brie.js" path="/Users/seanedwards/Makers/january/week-9/gilded_rose_js_jest/src/aged_brie.js">
      <metrics statements="5" coveredstatements="5" conditionals="2" coveredconditionals="2" methods="1" coveredmethods="1"/>
      <line num="1" count="3" type="stmt"/>
      <line num="5" count="5" type="cond" truecount="2" falsecount="0"/>
      <line num="6" count="2" type="stmt"/>
      <line num="9" count="5" type="stmt"/>
      <line num="13" count="3" type="stmt"/>
    </file>
    <file name="backstage_passes.js" path="/Users/seanedwards/Makers/january/week-9/gilded_rose_js_jest/src/backstage_passes.js">
      <metrics statements="12" coveredstatements="12" conditionals="8" coveredconditionals="8" methods="1" coveredmethods="1"/>
      <line num="1" count="2" type="stmt"/>
      <line num="5" count="9" type="stmt"/>
      <line num="6" count="9" type="cond" truecount="2" falsecount="0"/>
      <line num="7" count="7" type="stmt"/>
      <line num="8" count="7" type="cond" truecount="2" falsecount="0"/>
      <line num="9" count="4" type="stmt"/>
      <line num="13" count="9" type="stmt"/>
      <line num="15" count="9" type="cond" truecount="2" falsecount="0"/>
      <line num="16" count="2" type="stmt"/>
      <line num="19" count="9" type="cond" truecount="2" falsecount="0"/>
      <line num="20" count="1" type="stmt"/>
      <line num="26" count="2" type="stmt"/>
    </file>
    <file name="conjured.js" path="/Users/seanedwards/Makers/january/week-9/gilded_rose_js_jest/src/conjured.js">
      <metrics statements="8" coveredstatements="8" conditionals="4" coveredconditionals="4" methods="1" coveredmethods="1"/>
      <line num="1" count="1" type="stmt"/>
      <line num="5" count="3" type="stmt"/>
      <line num="7" count="3" type="cond" truecount="2" falsecount="0"/>
      <line num="8" count="2" type="stmt"/>
      <line num="10" count="1" type="stmt"/>
      <line num="13" count="3" type="cond" truecount="2" falsecount="0"/>
      <line num="14" count="1" type="stmt"/>
      <line num="19" count="1" type="stmt"/>
    </file>
    <file name="item.js" path="/Users/seanedwards/Makers/january/week-9/gilded_rose_js_jest/src/item.js">
      <metrics statements="4" coveredstatements="4" conditionals="0" coveredconditionals="0" methods="1" coveredmethods="1"/>
      <line num="3" count="25" type="stmt"/>
      <line num="4" count="25" type="stmt"/>
      <line num="5" count="25" type="stmt"/>
      <line num="9" count="8" type="stmt"/>
    </file>
    <file name="normal_item.js" path="/Users/seanedwards/Makers/january/week-9/gilded_rose_js_jest/src/normal_item.js">
      <metrics statements="8" coveredstatements="8" conditionals="4" coveredconditionals="4" methods="1" coveredmethods="1"/>
      <line num="1" count="2" type="stmt"/>
      <line num="5" count="5" type="stmt"/>
      <line num="7" count="5" type="cond" truecount="2" falsecount="0"/>
      <line num="8" count="3" type="stmt"/>
      <line num="10" count="2" type="stmt"/>
      <line num="13" count="5" type="cond" truecount="2" falsecount="0"/>
      <line num="14" count="1" type="stmt"/>
      <line num="19" count="2" type="stmt"/>
    </file>
    <file name="shop.js" path="/Users/seanedwards/Makers/january/week-9/gilded_rose_js_jest/src/shop.js">
      <metrics statements="5" coveredstatements="5" conditionals="1" coveredconditionals="1" methods="2" coveredmethods="2"/>
      <line num="3" count="3" type="stmt"/>
      <line num="7" count="2" type="stmt"/>
      <line num="8" count="10" type="stmt"/>
      <line num="11" count="2" type="stmt"/>
      <line num="15" count="3" type="stmt"/>
    </file>
    <file name="sulfuras.js" path="/Users/seanedwards/Makers/january/week-9/gilded_rose_js_jest/src/sulfuras.js">
      <metrics statements="4" coveredstatements="4" conditionals="0" coveredconditionals="0" methods="1" coveredmethods="1"/>
      <line num="1" count="2" type="stmt"/>
      <line num="5" count="2" type="stmt"/>
      <line num="6" count="2" type="stmt"/>
      <line num="10" count="2" type="stmt"/>
    </file>
  </project>
</coverage>
