{"/Users/seanedwards/Makers/january/week-9/gilded_rose_js_jest/src/item.js": {"path":"/Users/seanedwards/Makers/january/week-9/gilded_rose_js_jest/src/item.js","statementMap":{"0":{"start":{"line":3,"column":4},"end":{"line":3,"column":21}},"1":{"start":{"line":4,"column":4},"end":{"line":4,"column":25}},"2":{"start":{"line":5,"column":4},"end":{"line":5,"column":27}},"3":{"start":{"line":9,"column":0},"end":{"line":11,"column":2}}},"fnMap":{"0":{"name":"(anonymous_0)","decl":{"start":{"line":2,"column":2},"end":{"line":2,"column":3}},"loc":{"start":{"line":2,"column":37},"end":{"line":6,"column":3}},"line":2}},"branchMap":{},"s":{"0":2,"1":2,"2":2,"3":2},"f":{"0":2},"b":{},"_coverageSchema":"43e27e138ebf9cfc5966b082cf9a028302ed4184","hash":"6f87b5e57f5ceada17156dc3ac45dc04701842aa"}
,"/Users/seanedwards/Makers/january/week-9/gilded_rose_js_jest/src/shop.js": {"path":"/Users/seanedwards/Makers/january/week-9/gilded_rose_js_jest/src/shop.js","statementMap":{"0":{"start":{"line":3,"column":4},"end":{"line":3,"column":23}},"1":{"start":{"line":7,"column":4},"end":{"line":54,"column":5}},"2":{"start":{"line":7,"column":17},"end":{"line":7,"column":18}},"3":{"start":{"line":8,"column":6},"end":{"line":31,"column":7}},"4":{"start":{"line":9,"column":8},"end":{"line":13,"column":9}},"5":{"start":{"line":10,"column":10},"end":{"line":12,"column":11}},"6":{"start":{"line":11,"column":12},"end":{"line":11,"column":62}},"7":{"start":{"line":15,"column":8},"end":{"line":30,"column":9}},"8":{"start":{"line":16,"column":10},"end":{"line":16,"column":60}},"9":{"start":{"line":17,"column":10},"end":{"line":29,"column":11}},"10":{"start":{"line":18,"column":12},"end":{"line":22,"column":13}},"11":{"start":{"line":19,"column":14},"end":{"line":21,"column":15}},"12":{"start":{"line":20,"column":16},"end":{"line":20,"column":66}},"13":{"start":{"line":24,"column":12},"end":{"line":28,"column":13}},"14":{"start":{"line":25,"column":14},"end":{"line":27,"column":15}},"15":{"start":{"line":26,"column":16},"end":{"line":26,"column":66}},"16":{"start":{"line":33,"column":6},"end":{"line":35,"column":7}},"17":{"start":{"line":34,"column":8},"end":{"line":34,"column":56}},"18":{"start":{"line":37,"column":6},"end":{"line":53,"column":7}},"19":{"start":{"line":38,"column":8},"end":{"line":52,"column":9}},"20":{"start":{"line":39,"column":10},"end":{"line":47,"column":11}},"21":{"start":{"line":40,"column":12},"end":{"line":44,"column":13}},"22":{"start":{"line":41,"column":14},"end":{"line":43,"column":15}},"23":{"start":{"line":42,"column":16},"end":{"line":42,"column":66}},"24":{"start":{"line":46,"column":12},"end":{"line":46,"column":82}},"25":{"start":{"line":49,"column":10},"end":{"line":51,"column":11}},"26":{"start":{"line":50,"column":12},"end":{"line":50,"column":62}},"27":{"start":{"line":56,"column":4},"end":{"line":56,"column":22}},"28":{"start":{"line":60,"column":0},"end":{"line":62,"column":2}}},"fnMap":{"0":{"name":"(anonymous_0)","decl":{"start":{"line":2,"column":2},"end":{"line":2,"column":3}},"loc":{"start":{"line":2,"column":24},"end":{"line":4,"column":3}},"line":2},"1":{"name":"(anonymous_1)","decl":{"start":{"line":6,"column":2},"end":{"line":6,"column":3}},"loc":{"start":{"line":6,"column":18},"end":{"line":57,"column":3}},"line":6}},"branchMap":{"0":{"loc":{"start":{"line":2,"column":14},"end":{"line":2,"column":22}},"type":"default-arg","locations":[{"start":{"line":2,"column":20},"end":{"line":2,"column":22}}],"line":2},"1":{"loc":{"start":{"line":8,"column":6},"end":{"line":31,"column":7}},"type":"if","locations":[{"start":{"line":8,"column":6},"end":{"line":31,"column":7}},{"start":{"line":8,"column":6},"end":{"line":31,"column":7}}],"line":8},"2":{"loc":{"start":{"line":8,"column":10},"end":{"line":8,"column":112}},"type":"binary-expr","locations":[{"start":{"line":8,"column":10},"end":{"line":8,"column":43}},{"start":{"line":8,"column":47},"end":{"line":8,"column":112}}],"line":8},"3":{"loc":{"start":{"line":9,"column":8},"end":{"line":13,"column":9}},"type":"if","locations":[{"start":{"line":9,"column":8},"end":{"line":13,"column":9}},{"start":{"line":9,"column":8},"end":{"line":13,"column":9}}],"line":9},"4":{"loc":{"start":{"line":10,"column":10},"end":{"line":12,"column":11}},"type":"if","locations":[{"start":{"line":10,"column":10},"end":{"line":12,"column":11}},{"start":{"line":10,"column":10},"end":{"line":12,"column":11}}],"line":10},"5":{"loc":{"start":{"line":15,"column":8},"end":{"line":30,"column":9}},"type":"if","locations":[{"start":{"line":15,"column":8},"end":{"line":30,"column":9}},{"start":{"line":15,"column":8},"end":{"line":30,"column":9}}],"line":15},"6":{"loc":{"start":{"line":17,"column":10},"end":{"line":29,"column":11}},"type":"if","locations":[{"start":{"line":17,"column":10},"end":{"line":29,"column":11}},{"start":{"line":17,"column":10},"end":{"line":29,"column":11}}],"line":17},"7":{"loc":{"start":{"line":18,"column":12},"end":{"line":22,"column":13}},"type":"if","locations":[{"start":{"line":18,"column":12},"end":{"line":22,"column":13}},{"start":{"line":18,"column":12},"end":{"line":22,"column":13}}],"line":18},"8":{"loc":{"start":{"line":19,"column":14},"end":{"line":21,"column":15}},"type":"if","locations":[{"start":{"line":19,"column":14},"end":{"line":21,"column":15}},{"start":{"line":19,"column":14},"end":{"line":21,"column":15}}],"line":19},"9":{"loc":{"start":{"line":24,"column":12},"end":{"line":28,"column":13}},"type":"if","locations":[{"start":{"line":24,"column":12},"end":{"line":28,"column":13}},{"start":{"line":24,"column":12},"end":{"line":28,"column":13}}],"line":24},"10":{"loc":{"start":{"line":25,"column":14},"end":{"line":27,"column":15}},"type":"if","locations":[{"start":{"line":25,"column":14},"end":{"line":27,"column":15}},{"start":{"line":25,"column":14},"end":{"line":27,"column":15}}],"line":25},"11":{"loc":{"start":{"line":33,"column":6},"end":{"line":35,"column":7}},"type":"if","locations":[{"start":{"line":33,"column":6},"end":{"line":35,"column":7}},{"start":{"line":33,"column":6},"end":{"line":35,"column":7}}],"line":33},"12":{"loc":{"start":{"line":37,"column":6},"end":{"line":53,"column":7}},"type":"if","locations":[{"start":{"line":37,"column":6},"end":{"line":53,"column":7}},{"start":{"line":37,"column":6},"end":{"line":53,"column":7}}],"line":37},"13":{"loc":{"start":{"line":38,"column":8},"end":{"line":52,"column":9}},"type":"if","locations":[{"start":{"line":38,"column":8},"end":{"line":52,"column":9}},{"start":{"line":38,"column":8},"end":{"line":52,"column":9}}],"line":38},"14":{"loc":{"start":{"line":39,"column":10},"end":{"line":47,"column":11}},"type":"if","locations":[{"start":{"line":39,"column":10},"end":{"line":47,"column":11}},{"start":{"line":39,"column":10},"end":{"line":47,"column":11}}],"line":39},"15":{"loc":{"start":{"line":40,"column":12},"end":{"line":44,"column":13}},"type":"if","locations":[{"start":{"line":40,"column":12},"end":{"line":44,"column":13}},{"start":{"line":40,"column":12},"end":{"line":44,"column":13}}],"line":40},"16":{"loc":{"start":{"line":41,"column":14},"end":{"line":43,"column":15}},"type":"if","locations":[{"start":{"line":41,"column":14},"end":{"line":43,"column":15}},{"start":{"line":41,"column":14},"end":{"line":43,"column":15}}],"line":41},"17":{"loc":{"start":{"line":49,"column":10},"end":{"line":51,"column":11}},"type":"if","locations":[{"start":{"line":49,"column":10},"end":{"line":51,"column":11}},{"start":{"line":49,"column":10},"end":{"line":51,"column":11}}],"line":49}},"s":{"0":1,"1":1,"2":1,"3":1,"4":1,"5":0,"6":0,"7":0,"8":0,"9":0,"10":0,"11":0,"12":0,"13":0,"14":0,"15":0,"16":1,"17":1,"18":1,"19":1,"20":1,"21":1,"22":0,"23":0,"24":0,"25":0,"26":0,"27":1,"28":2},"f":{"0":1,"1":1},"b":{"0":[0],"1":[1,0],"2":[1,1],"3":[0,1],"4":[0,0],"5":[0,0],"6":[0,0],"7":[0,0],"8":[0,0],"9":[0,0],"10":[0,0],"11":[1,0],"12":[1,0],"13":[1,0],"14":[1,0],"15":[0,1],"16":[0,0],"17":[0,0]},"_coverageSchema":"43e27e138ebf9cfc5966b082cf9a028302ed4184","hash":"21eb6a2ac945c80f2cfdf8cd3443011f63f1a1d4"}
}
