TN:
SF:/Users/seanedwards/Makers/january/week-9/gilded_rose_js_jest/src/aged_brie.js
FN:4,(anonymous_0)
FNF:1
FNH:1
FNDA:5,(anonymous_0)
DA:1,3
DA:5,5
DA:6,2
DA:9,5
DA:13,3
LF:5
LH:5
BRDA:5,0,0,2
BRDA:5,0,1,3
BRF:2
BRH:2
end_of_record
TN:
SF:/Users/seanedwards/Makers/january/week-9/gilded_rose_js_jest/src/backstage_passes.js
FN:4,(anonymous_0)
FNF:1
FNH:1
FNDA:9,(anonymous_0)
DA:1,2
DA:5,9
DA:6,9
DA:7,7
DA:8,7
DA:9,4
DA:13,9
DA:15,9
DA:16,2
DA:19,9
DA:20,1
DA:26,2
LF:12
LH:12
BRDA:6,0,0,7
BRDA:6,0,1,2
BRDA:8,1,0,4
BRDA:8,1,1,3
BRDA:15,2,0,2
BRDA:15,2,1,7
BRDA:19,3,0,1
BRDA:19,3,1,8
BRF:8
BRH:8
end_of_record
TN:
SF:/Users/seanedwards/Makers/january/week-9/gilded_rose_js_jest/src/item.js
FN:2,(anonymous_0)
FNF:1
FNH:1
FNDA:22,(anonymous_0)
DA:3,22
DA:4,22
DA:5,22
DA:9,7
LF:4
LH:4
BRF:0
BRH:0
end_of_record
TN:
SF:/Users/seanedwards/Makers/january/week-9/gilded_rose_js_jest/src/normal_item.js
FN:4,(anonymous_0)
FNF:1
FNH:1
FNDA:5,(anonymous_0)
DA:1,2
DA:5,5
DA:7,5
DA:8,3
DA:9,6
DA:12,2
DA:15,5
DA:16,1
DA:21,2
LF:9
LH:9
BRDA:7,0,0,3
BRDA:7,0,1,2
BRDA:15,1,0,1
BRDA:15,1,1,4
BRF:4
BRH:4
end_of_record
TN:
SF:/Users/seanedwards/Makers/january/week-9/gilded_rose_js_jest/src/shop.js
FN:2,(anonymous_0)
FN:6,(anonymous_1)
FNF:2
FNH:2
FNDA:3,(anonymous_0)
FNDA:2,(anonymous_1)
DA:3,3
DA:7,2
DA:8,10
DA:11,2
DA:15,3
LF:5
LH:5
BRDA:2,0,0,1
BRF:1
BRH:1
end_of_record
TN:
SF:/Users/seanedwards/Makers/january/week-9/gilded_rose_js_jest/src/sulfuras.js
FN:4,(anonymous_0)
FNF:1
FNH:1
FNDA:2,(anonymous_0)
DA:1,2
DA:9,2
LF:2
LH:2
BRF:0
BRH:0
end_of_record
