TN:
SF:/Users/seanedwards/Makers/january/week-9/gilded_rose_js_jest/src/item.js
FN:2,(anonymous_0)
FNF:1
FNH:1
FNDA:2,(anonymous_0)
DA:3,2
DA:4,2
DA:5,2
DA:9,2
LF:4
LH:4
BRF:0
BRH:0
end_of_record
TN:
SF:/Users/seanedwards/Makers/january/week-9/gilded_rose_js_jest/src/shop.js
FN:2,(anonymous_0)
FN:6,(anonymous_1)
FNF:2
FNH:2
FNDA:1,(anonymous_0)
FNDA:1,(anonymous_1)
DA:3,1
DA:7,1
DA:8,1
DA:9,1
DA:10,0
DA:11,0
DA:15,0
DA:16,0
DA:17,0
DA:18,0
DA:19,0
DA:20,0
DA:24,0
DA:25,0
DA:26,0
DA:33,1
DA:34,1
DA:37,1
DA:38,1
DA:39,1
DA:40,1
DA:41,0
DA:42,0
DA:46,0
DA:49,0
DA:50,0
DA:56,1
DA:60,2
LF:28
LH:12
BRDA:2,0,0,0
BRDA:8,1,0,1
BRDA:8,1,1,0
BRDA:8,2,0,1
BRDA:8,2,1,1
BRDA:9,3,0,0
BRDA:9,3,1,1
BRDA:10,4,0,0
BRDA:10,4,1,0
BRDA:15,5,0,0
BRDA:15,5,1,0
BRDA:17,6,0,0
BRDA:17,6,1,0
BRDA:18,7,0,0
BRDA:18,7,1,0
BRDA:19,8,0,0
BRDA:19,8,1,0
BRDA:24,9,0,0
BRDA:24,9,1,0
BRDA:25,10,0,0
BRDA:25,10,1,0
BRDA:33,11,0,1
BRDA:33,11,1,0
BRDA:37,12,0,1
BRDA:37,12,1,0
BRDA:38,13,0,1
BRDA:38,13,1,0
BRDA:39,14,0,1
BRDA:39,14,1,0
BRDA:40,15,0,0
BRDA:40,15,1,1
BRDA:41,16,0,0
BRDA:41,16,1,0
BRDA:49,17,0,0
BRDA:49,17,1,0
BRF:35
BRH:9
end_of_record
